[2025-12-11 15:05:11] -- INFO -- Load Game Menu Opened
[2025-12-11 15:05:12] -- INFO -- Stated Loaded Game: momomo
[2025-12-11 15:05:12] -- ADMIN ACCESS -- [Main] Scene switched to: GameScene
[2025-12-11 15:05:12] -- INFO -- Creature 'Creature0' has reached 0 satisfaction and is now dead.
[2025-12-11 15:05:12] -- INFO -- Creature 'Creature1' has reached 0 satisfaction and is now dead.
[2025-12-11 15:05:14] -- INFO -- Player selected Creature0
[2025-12-11 15:05:14] -- INFO -- Started dragging creature 'Creature0' at (352, 409)
[2025-12-11 15:05:15] -- INFO -- Player selected Creature2
[2025-12-11 15:05:15] -- INFO -- Started dragging creature 'Creature2' at (184, 340)
[2025-12-11 15:05:16] -- INFO -- Player selected Creature1
[2025-12-11 15:05:16] -- INFO -- Started dragging creature 'Creature1' at (503, 437)
[2025-12-11 15:05:24] -- INFO -- Player selected Creature1
[2025-12-11 15:05:24] -- INFO -- Started dragging creature 'Creature1' at (504, 437)
[2025-12-11 15:05:25] -- INFO -- Player selected Creature0
[2025-12-11 15:05:25] -- INFO -- Started dragging creature 'Creature0' at (352, 409)
[2025-12-11 15:05:26] -- INFO -- Player selected Creature0
[2025-12-11 15:05:26] -- INFO -- Started dragging creature 'Creature0' at (334, 404)
[2025-12-11 15:05:28] -- INFO -- Player selected Creature0
[2025-12-11 15:05:28] -- INFO -- Started dragging creature 'Creature0' at (334, 404)
[2025-12-11 15:05:29] -- INFO -- Player selected Creature2
[2025-12-11 15:05:29] -- INFO -- Started dragging creature 'Creature2' at (184, 340)
[2025-12-11 15:05:29] -- INFO -- Player selected Creature2
[2025-12-11 15:05:29] -- INFO -- Started dragging creature 'Creature2' at (184, 340)
[2025-12-11 15:05:30] -- INFO -- Paused set to True
[2025-12-11 15:05:30] -- INFO -- Paused set to False
[2025-12-11 15:06:06] -- INFO -- Creature 'Creature3' has reached 0 satisfaction and is now dead.
[2025-12-11 15:06:17] -- WARNING -- All creatures reached 0 satisfaction. Game over.
[2025-12-11 15:06:17] -- INFO -- Creature 'Creature2' has reached 0 satisfaction and is now dead.
